error with llvm-2.9 while building wtc/complex.29.bc
error with llvm-2.9 while building wtc/fac.29.bc
error with llvm-2.9 while building wtc/gcd.29.bc
error with llvm-2.9 while building wtc/insertsort.29.bc
error with llvm-2.9 while building wtc/nestedLoop.29.bc
error with llvm-2.9 while building wtc/perfect1.29.bc
error with llvm-2.9 while building wtc/perfect2.29.bc
error with llvm-2.9 while building wtc/perfect.29.bc
error with llvm-2.9 while building wtc/perfectg.29.bc
error with llvm-2.9 while building wtc/realselect.29.bc
error with llvm-2.9 while building wtc/realshellsort.29.bc
error with llvm-2.9 while building wtc/serpent.29.bc
error with llvm-2.9 while building wtc/sipma91.29.bc
error with llvm-2.9 while building wtc/speedpldi2.29.bc
error with llvm-2.9 while building wtc/speedpldi3.29.bc
error with llvm-2.9 while building wtc/speedpldi4.29.bc
error with llvm-2.9 while building wtc/unperfect.29.bc
error with llvm-3.5 while building wtc/complex.35.bc
error with llvm-3.5 while building wtc/fac.35.bc
error with llvm-3.5 while building wtc/gcd.35.bc
error with llvm-3.5 while building wtc/insertsort.35.bc
error with llvm-3.5 while building wtc/nestedLoop.35.bc
error with llvm-3.5 while building wtc/perfect1.35.bc
error with llvm-3.5 while building wtc/perfect2.35.bc
error with llvm-3.5 while building wtc/perfect.35.bc
error with llvm-3.5 while building wtc/perfectg.35.bc
error with llvm-3.5 while building wtc/realselect.35.bc
error with llvm-3.5 while building wtc/realshellsort.35.bc
error with llvm-3.5 while building wtc/serpent.35.bc
error with llvm-3.5 while building wtc/sipma91.35.bc
error with llvm-3.5 while building wtc/speedpldi2.35.bc
error with llvm-3.5 while building wtc/speedpldi3.35.bc
error with llvm-3.5 while building wtc/speedpldi4.35.bc
error with llvm-3.5 while building wtc/unperfect.35.bc
error with goto-cc while building wtc/complex.goto-cc
error with goto-cc while building wtc/fac.goto-cc
error with goto-cc while building wtc/gcd.goto-cc
error with goto-cc while building wtc/insertsort.goto-cc
error with goto-cc while building wtc/nestedLoop.goto-cc
error with goto-cc while building wtc/perfect1.goto-cc
error with goto-cc while building wtc/perfect2.goto-cc
error with goto-cc while building wtc/perfect.goto-cc
error with goto-cc while building wtc/perfectg.goto-cc
error with goto-cc while building wtc/realselect.goto-cc
error with goto-cc while building wtc/realshellsort.goto-cc
error with goto-cc while building wtc/serpent.goto-cc
error with goto-cc while building wtc/sipma91.goto-cc
error with goto-cc while building wtc/speedpldi2.goto-cc
error with goto-cc while building wtc/speedpldi3.goto-cc
error with goto-cc while building wtc/speedpldi4.goto-cc
error with goto-cc while building wtc/unperfect.goto-cc
error with aspic while building wtc/aaron12.fstb
error with aspic while building wtc/aaron3.fstb
error with aspic while building wtc/alain.fstb
error with c2fsm while building wtc/complex.fst
error with llvm-2.9 while building wtc/complex.29.bc
error with llvm-2.9 while building wtc/fac.29.bc
error with llvm-2.9 while building wtc/gcd.29.bc
error with llvm-2.9 while building wtc/insertsort.29.bc
error with llvm-2.9 while building wtc/nestedLoop.29.bc
error with llvm-2.9 while building wtc/perfect1.29.bc
error with llvm-2.9 while building wtc/perfect2.29.bc
error with llvm-2.9 while building wtc/perfect.29.bc
error with llvm-2.9 while building wtc/perfectg.29.bc
error with llvm-2.9 while building wtc/realselect.29.bc
error with llvm-2.9 while building wtc/realshellsort.29.bc
error with llvm-2.9 while building wtc/serpent.29.bc
error with llvm-2.9 while building wtc/sipma91.29.bc
error with llvm-2.9 while building wtc/speedpldi2.29.bc
error with llvm-2.9 while building wtc/speedpldi3.29.bc
error with llvm-2.9 while building wtc/speedpldi4.29.bc
error with llvm-2.9 while building wtc/unperfect.29.bc
error with llvm-3.5 while building wtc/complex.35.bc
error with llvm-3.5 while building wtc/fac.35.bc
error with llvm-3.5 while building wtc/gcd.35.bc
error with llvm-3.5 while building wtc/insertsort.35.bc
error with llvm-3.5 while building wtc/nestedLoop.35.bc
error with llvm-3.5 while building wtc/perfect1.35.bc
error with llvm-3.5 while building wtc/perfect2.35.bc
error with llvm-3.5 while building wtc/perfect.35.bc
error with llvm-3.5 while building wtc/perfectg.35.bc
error with llvm-3.5 while building wtc/realselect.35.bc
error with llvm-3.5 while building wtc/realshellsort.35.bc
error with llvm-3.5 while building wtc/serpent.35.bc
error with llvm-3.5 while building wtc/sipma91.35.bc
error with llvm-3.5 while building wtc/speedpldi2.35.bc
error with llvm-3.5 while building wtc/speedpldi3.35.bc
error with llvm-3.5 while building wtc/speedpldi4.35.bc
error with llvm-3.5 while building wtc/unperfect.35.bc
error with goto-cc while building wtc/complex.goto-cc
error with goto-cc while building wtc/fac.goto-cc
error with goto-cc while building wtc/gcd.goto-cc
error with goto-cc while building wtc/insertsort.goto-cc
error with goto-cc while building wtc/nestedLoop.goto-cc
error with goto-cc while building wtc/perfect1.goto-cc
error with goto-cc while building wtc/perfect2.goto-cc
error with goto-cc while building wtc/perfect.goto-cc
error with goto-cc while building wtc/perfectg.goto-cc
error with goto-cc while building wtc/realselect.goto-cc
error with goto-cc while building wtc/realshellsort.goto-cc
error with goto-cc while building wtc/serpent.goto-cc
error with goto-cc while building wtc/sipma91.goto-cc
error with goto-cc while building wtc/speedpldi2.goto-cc
error with goto-cc while building wtc/speedpldi3.goto-cc
error with goto-cc while building wtc/speedpldi4.goto-cc
error with goto-cc while building wtc/unperfect.goto-cc
error with aspic while building wtc/aaron12.fstb
error with aspic while building wtc/aaron3.fstb
error with aspic while building wtc/alain.fstb
error with c2fsm while building wtc/complex.fst
error with c2fsm while building wtc/fac.fst
error with c2fsm while building wtc/gcd.fst
error with aspic while building wtc/heapsort.fstb
error with c2fsm while building wtc/insertsort.fst
error with aspic while building wtc/nd_loop.fstb
error with c2fsm while building wtc/nestedLoop.fst
error with c2fsm while building wtc/perfect1.fst
error with c2fsm while building wtc/perfect2.fst
error with c2fsm while building wtc/perfect.fst
error with c2fsm while building wtc/perfectg.fst
error with aspic while building wtc/random2d.fstb
error with c2fsm while building wtc/real2.fst
error with aspic while building wtc/realbubble.fstb
error with aspic while building wtc/realheapsort.fstb
error with aspic while building wtc/realheapsort_step1.fstb
error with c2fsm while building wtc/realselect.fst
error with c2fsm while building wtc/realshellsort.fst
error with aspic while building wtc/relation1.fstb
error with c2fsm while building wtc/serpent.fst
error with c2fsm while building wtc/sipma91.fst
error with aspic while building wtc/sipmabubble.fstb
error with aspic while building wtc/sipmamergesort2.fstb
error with aspic while building wtc/sipmamergesort.fstb
error with aspic while building wtc/speedFails3.fstb
error with c2fsm while building wtc/speedpldi2.fst
error with c2fsm while building wtc/speedpldi3.fst
error with c2fsm while building wtc/speedpldi4.fst
error with aspic while building wtc/terminatorbubble.fstb
error with c2fsm while building wtc/unperfect.fst
error with pagai while building term-comp/LarrazOliverasRodriguez-CarbonellRubio-FMCAD2013-Fig1_true-termination.pagai.bc
error with llvm-2.9 while building wtc/complex.29.bc
error with llvm-2.9 while building wtc/fac.29.bc
error with llvm-2.9 while building wtc/gcd.29.bc
error with llvm-2.9 while building wtc/insertsort.29.bc
error with llvm-2.9 while building wtc/nestedLoop.29.bc
error with llvm-2.9 while building wtc/perfect1.29.bc
error with llvm-2.9 while building wtc/perfect2.29.bc
error with llvm-2.9 while building wtc/perfect.29.bc
error with llvm-2.9 while building wtc/perfectg.29.bc
error with llvm-2.9 while building wtc/realselect.29.bc
error with llvm-2.9 while building wtc/realshellsort.29.bc
error with llvm-2.9 while building wtc/serpent.29.bc
error with llvm-2.9 while building wtc/sipma91.29.bc
error with llvm-2.9 while building wtc/speedpldi2.29.bc
error with llvm-2.9 while building wtc/speedpldi3.29.bc
error with llvm-2.9 while building wtc/speedpldi4.29.bc
error with llvm-2.9 while building wtc/unperfect.29.bc
error with llvm-3.5 while building wtc/complex.35.bc
error with llvm-3.5 while building wtc/fac.35.bc
error with llvm-3.5 while building wtc/gcd.35.bc
error with llvm-3.5 while building wtc/insertsort.35.bc
error with llvm-3.5 while building wtc/nestedLoop.35.bc
error with llvm-3.5 while building wtc/perfect1.35.bc
error with llvm-3.5 while building wtc/perfect2.35.bc
error with llvm-3.5 while building wtc/perfect.35.bc
error with llvm-3.5 while building wtc/perfectg.35.bc
error with llvm-3.5 while building wtc/realselect.35.bc
error with llvm-3.5 while building wtc/realshellsort.35.bc
error with llvm-3.5 while building wtc/serpent.35.bc
error with llvm-3.5 while building wtc/sipma91.35.bc
error with llvm-3.5 while building wtc/speedpldi2.35.bc
error with llvm-3.5 while building wtc/speedpldi3.35.bc
error with llvm-3.5 while building wtc/speedpldi4.35.bc
error with llvm-3.5 while building wtc/unperfect.35.bc
error with goto-cc while building wtc/complex.goto-cc
error with goto-cc while building wtc/fac.goto-cc
error with goto-cc while building wtc/gcd.goto-cc
error with goto-cc while building wtc/insertsort.goto-cc
error with goto-cc while building wtc/nestedLoop.goto-cc
error with goto-cc while building wtc/perfect1.goto-cc
error with goto-cc while building wtc/perfect2.goto-cc
error with goto-cc while building wtc/perfect.goto-cc
error with goto-cc while building wtc/perfectg.goto-cc
error with goto-cc while building wtc/realselect.goto-cc
error with goto-cc while building wtc/realshellsort.goto-cc
error with goto-cc while building wtc/serpent.goto-cc
error with goto-cc while building wtc/sipma91.goto-cc
error with goto-cc while building wtc/speedpldi2.goto-cc
error with goto-cc while building wtc/speedpldi3.goto-cc
error with goto-cc while building wtc/speedpldi4.goto-cc
error with goto-cc while building wtc/unperfect.goto-cc
error with aspic while building wtc/aaron12.fstb
error with aspic while building wtc/aaron3.fstb
error with aspic while building wtc/alain.fstb
error with c2fsm while building wtc/complex.fst
error with c2fsm while building wtc/fac.fst
error with c2fsm while building wtc/gcd.fst
error with aspic while building wtc/heapsort.fstb
error with c2fsm while building wtc/insertsort.fst
error with aspic while building wtc/nd_loop.fstb
error with c2fsm while building wtc/nestedLoop.fst
error with c2fsm while building wtc/perfect1.fst
error with c2fsm while building wtc/perfect2.fst
error with c2fsm while building wtc/perfect.fst
error with c2fsm while building wtc/perfectg.fst
error with aspic while building wtc/random2d.fstb
error with c2fsm while building wtc/real2.fst
error with aspic while building wtc/realbubble.fstb
error with aspic while building wtc/realheapsort.fstb
error with aspic while building wtc/realheapsort_step1.fstb
error with c2fsm while building wtc/realselect.fst
error with c2fsm while building wtc/realshellsort.fst
error with aspic while building wtc/relation1.fstb
error with c2fsm while building wtc/serpent.fst
error with c2fsm while building wtc/sipma91.fst
error with aspic while building wtc/sipmabubble.fstb
error with aspic while building wtc/sipmamergesort2.fstb
error with aspic while building wtc/sipmamergesort.fstb
error with aspic while building wtc/speedFails3.fstb
error with c2fsm while building wtc/speedpldi2.fst
error with c2fsm while building wtc/speedpldi3.fst
error with c2fsm while building wtc/speedpldi4.fst
error with aspic while building wtc/terminatorbubble.fstb
error with c2fsm while building wtc/unperfect.fst
error with pagai while building term-comp/LarrazOliverasRodriguez-CarbonellRubio-FMCAD2013-Fig1_true-termination.pagai.bc
error with llvm-2.9 while building wtc/complex.29.bc
error with llvm-2.9 while building wtc/fac.29.bc
error with llvm-2.9 while building wtc/gcd.29.bc
error with llvm-2.9 while building wtc/insertsort.29.bc
error with llvm-2.9 while building wtc/nestedLoop.29.bc
error with llvm-2.9 while building wtc/perfect1.29.bc
error with llvm-2.9 while building wtc/perfect2.29.bc
error with llvm-2.9 while building wtc/perfect.29.bc
error with llvm-2.9 while building wtc/perfectg.29.bc
error with llvm-2.9 while building wtc/realselect.29.bc
error with llvm-2.9 while building wtc/realshellsort.29.bc
error with llvm-2.9 while building wtc/serpent.29.bc
error with llvm-2.9 while building wtc/sipma91.29.bc
error with llvm-2.9 while building wtc/speedpldi2.29.bc
error with llvm-2.9 while building wtc/speedpldi3.29.bc
error with llvm-2.9 while building wtc/speedpldi4.29.bc
error with llvm-2.9 while building wtc/unperfect.29.bc
error with llvm-3.5 while building wtc/complex.35.bc
error with llvm-3.5 while building wtc/fac.35.bc
error with llvm-3.5 while building wtc/gcd.35.bc
error with llvm-3.5 while building wtc/insertsort.35.bc
error with llvm-3.5 while building wtc/nestedLoop.35.bc
error with llvm-3.5 while building wtc/perfect1.35.bc
error with llvm-3.5 while building wtc/perfect2.35.bc
error with llvm-3.5 while building wtc/perfect.35.bc
error with llvm-3.5 while building wtc/perfectg.35.bc
error with llvm-3.5 while building wtc/realselect.35.bc
error with llvm-3.5 while building wtc/realshellsort.35.bc
error with llvm-3.5 while building wtc/serpent.35.bc
error with llvm-3.5 while building wtc/sipma91.35.bc
error with llvm-3.5 while building wtc/speedpldi2.35.bc
error with llvm-3.5 while building wtc/speedpldi3.35.bc
error with llvm-3.5 while building wtc/speedpldi4.35.bc
error with llvm-3.5 while building wtc/unperfect.35.bc
error with goto-cc while building wtc/complex.goto-cc
error with goto-cc while building wtc/fac.goto-cc
error with goto-cc while building wtc/gcd.goto-cc
error with goto-cc while building wtc/insertsort.goto-cc
error with goto-cc while building wtc/nestedLoop.goto-cc
error with goto-cc while building wtc/perfect1.goto-cc
error with goto-cc while building wtc/perfect2.goto-cc
error with goto-cc while building wtc/perfect.goto-cc
error with goto-cc while building wtc/perfectg.goto-cc
error with goto-cc while building wtc/realselect.goto-cc
error with goto-cc while building wtc/realshellsort.goto-cc
error with goto-cc while building wtc/serpent.goto-cc
error with goto-cc while building wtc/sipma91.goto-cc
error with goto-cc while building wtc/speedpldi2.goto-cc
error with goto-cc while building wtc/speedpldi3.goto-cc
error with goto-cc while building wtc/speedpldi4.goto-cc
error with goto-cc while building wtc/unperfect.goto-cc
error with aspic while building wtc/aaron12.fstb
error with aspic while building wtc/aaron3.fstb
error with aspic while building wtc/alain.fstb
error with c2fsm while building wtc/complex.fst
error with c2fsm while building wtc/fac.fst
error with c2fsm while building wtc/gcd.fst
error with aspic while building wtc/heapsort.fstb
error with c2fsm while building wtc/insertsort.fst
error with aspic while building wtc/nd_loop.fstb
error with c2fsm while building wtc/nestedLoop.fst
error with c2fsm while building wtc/perfect1.fst
error with c2fsm while building wtc/perfect2.fst
error with c2fsm while building wtc/perfect.fst
error with c2fsm while building wtc/perfectg.fst
error with aspic while building wtc/random2d.fstb
error with c2fsm while building wtc/real2.fst
error with aspic while building wtc/realbubble.fstb
error with aspic while building wtc/realheapsort.fstb
error with aspic while building wtc/realheapsort_step1.fstb
error with c2fsm while building wtc/realselect.fst
error with c2fsm while building wtc/realshellsort.fst
error with aspic while building wtc/relation1.fstb
error with c2fsm while building wtc/serpent.fst
error with c2fsm while building wtc/sipma91.fst
error with aspic while building wtc/sipmabubble.fstb
error with llvm-2.9 while building wtc/complex.29.bc
error with llvm-2.9 while building wtc/fac.29.bc
error with llvm-2.9 while building wtc/gcd.29.bc
error with llvm-2.9 while building wtc/insertsort.29.bc
error with llvm-2.9 while building wtc/nestedLoop.29.bc
error with llvm-2.9 while building wtc/perfect1.29.bc
error with llvm-2.9 while building wtc/perfect2.29.bc
error with llvm-2.9 while building wtc/perfect.29.bc
error with llvm-2.9 while building wtc/perfectg.29.bc
error with llvm-2.9 while building wtc/realselect.29.bc
error with llvm-2.9 while building wtc/realshellsort.29.bc
error with llvm-2.9 while building wtc/serpent.29.bc
error with llvm-2.9 while building wtc/sipma91.29.bc
error with llvm-2.9 while building wtc/speedpldi2.29.bc
error with llvm-2.9 while building wtc/speedpldi3.29.bc
error with llvm-2.9 while building wtc/speedpldi4.29.bc
error with llvm-2.9 while building wtc/unperfect.29.bc
error with llvm-3.5 while building wtc/complex.35.bc
error with llvm-3.5 while building wtc/fac.35.bc
error with llvm-3.5 while building wtc/gcd.35.bc
error with llvm-3.5 while building wtc/insertsort.35.bc
error with llvm-3.5 while building wtc/nestedLoop.35.bc
error with llvm-3.5 while building wtc/perfect1.35.bc
error with llvm-3.5 while building wtc/perfect2.35.bc
error with llvm-3.5 while building wtc/perfect.35.bc
error with llvm-3.5 while building wtc/perfectg.35.bc
error with llvm-3.5 while building wtc/realselect.35.bc
error with llvm-3.5 while building wtc/realshellsort.35.bc
error with llvm-3.5 while building wtc/serpent.35.bc
error with llvm-3.5 while building wtc/sipma91.35.bc
error with llvm-3.5 while building wtc/speedpldi2.35.bc
error with llvm-3.5 while building wtc/speedpldi3.35.bc
error with llvm-3.5 while building wtc/speedpldi4.35.bc
error with llvm-3.5 while building wtc/unperfect.35.bc
error with goto-cc while building wtc/complex.goto-cc
error with goto-cc while building wtc/fac.goto-cc
error with goto-cc while building wtc/gcd.goto-cc
error with goto-cc while building wtc/insertsort.goto-cc
error with goto-cc while building wtc/nestedLoop.goto-cc
error with goto-cc while building wtc/perfect1.goto-cc
error with goto-cc while building wtc/perfect2.goto-cc
error with goto-cc while building wtc/perfect.goto-cc
error with goto-cc while building wtc/perfectg.goto-cc
error with goto-cc while building wtc/realselect.goto-cc
error with goto-cc while building wtc/realshellsort.goto-cc
error with goto-cc while building wtc/serpent.goto-cc
error with goto-cc while building wtc/sipma91.goto-cc
error with goto-cc while building wtc/speedpldi2.goto-cc
error with goto-cc while building wtc/speedpldi3.goto-cc
error with goto-cc while building wtc/speedpldi4.goto-cc
error with goto-cc while building wtc/unperfect.goto-cc
error with aspic while building wtc/aaron12.fstb
error with aspic while building wtc/aaron3.fstb
error with aspic while building wtc/alain.fstb
error with c2fsm while building wtc/complex.fst
error with c2fsm while building wtc/fac.fst
error with c2fsm while building wtc/gcd.fst
error with aspic while building wtc/heapsort.fstb
error with c2fsm while building wtc/insertsort.fst
error with aspic while building wtc/nd_loop.fstb
error with c2fsm while building wtc/nestedLoop.fst
error with c2fsm while building wtc/perfect1.fst
error with c2fsm while building wtc/perfect2.fst
error with c2fsm while building wtc/perfect.fst
error with c2fsm while building wtc/perfectg.fst
error with aspic while building wtc/random2d.fstb
error with c2fsm while building wtc/real2.fst
error with aspic while building wtc/realbubble.fstb
error with aspic while building wtc/realheapsort.fstb
error with aspic while building wtc/realheapsort_step1.fstb
error with c2fsm while building wtc/realselect.fst
error with c2fsm while building wtc/realshellsort.fst
error with aspic while building wtc/relation1.fstb
error with c2fsm while building wtc/serpent.fst
error with c2fsm while building wtc/sipma91.fst
error with aspic while building wtc/sipmabubble.fstb
error with aspic while building wtc/sipmamergesort2.fstb
error with aspic while building wtc/sipmamergesort.fstb
error with aspic while building wtc/speedFails3.fstb
error with c2fsm while building wtc/speedpldi2.fst
error with c2fsm while building wtc/speedpldi3.fst
error with c2fsm while building wtc/speedpldi4.fst
error with aspic while building wtc/terminatorbubble.fstb
error with c2fsm while building wtc/unperfect.fst
error with pagai while building term-comp/LarrazOliverasRodriguez-CarbonellRubio-FMCAD2013-Fig1_true-termination.pagai.bc
